Game Number 1
    Chosen Random Action: [1, 2] at cycle 0
    Record is [[19, 9, 5, 15, 3, 50, 0, 75, 5, 0, 2850, 4500, 2000, 4500, 3000, 19, 9, 5, 15, 3, 50, 0, 75, 5, 0, 2850, 4500, 2000, 4500, 3000], [1, 2], [11, 9, 4, 12, 3, 0, 0, 0, 0, 0, 1570, 4380, 1520, 3520, 2960, 11, 9, 4, 12, 3, 0, 0, 0, 0, 0, 1570, 4380, 1520, 3520, 2960], 2900, 0]
    Chosen Random Action: [4] at cycle 42
    Record is [[11, 9, 4, 12, 3, 0, 0, 0, 0, 0, 1570, 4380, 1520, 3520, 2960, 11, 9, 4, 12, 3, 0, 0, 0, 0, 0, 1570, 4380, 1520, 3520, 2960], [4], [7, 9, 4, 11, 3, 0, 0, 0, 0, 0, 982, 4380, 1278, 3010, 2960, 2, 9, 3, 8, 3, 62, 0, 96, 0, 2, 270, 4130, 870, 2270, 2910], 3500, 0]
    Chosen Random Action: [2, 4] at cycle 101
    Record is [[7, 9, 4, 10, 3, 0, 0, 0, 0, 0, 958, 4380, 1266, 2986, 2960, 2, 9, 3, 8, 3, 62, 0, 93, 0, 2, 270, 4130, 870, 2270, 2910], [2, 4], [0, 6, 1, 5, 2, 0, 0, 0, 0, 0, 0, 2930, 400, 1260, 1710, 0, 6, 2, 5, 2, 190, 0, 0, 0, 0, 0, 2930, 470, 1470, 1710], 3870, 0]
    Chosen Random Action: [1, 3, 4] at cycle 169
    Record is [[0, 6, 1, 5, 2, 0, 0, 0, 0, 0, 0, 2930, 400, 1260, 1710, 0, 6, 2, 5, 2, 190, 0, 0, 0, 0, 0, 2930, 470, 1470, 1710], [1, 3, 4], [0, 6, 1, 4, 2, 0, 0, 84, 0, 0, 0, 2882, 236, 964, 1694, 0, 4, 0, 1, 1, 265, 0, 267, 28, 0, 0, 1730, 0, 142, 510], 4198, 0]
    Chosen Random Action: [1, 2, 4] at cycle 243
    I WON!
Game Number 1
    Chosen Random Action: [0, 0, 1] at cycle 0
    Record is [[19, 9, 5, 15, 3, 50, 0, 75, 5, 0, 2850, 4500, 2000, 4500, 3000, 19, 9, 5, 15, 3, 50, 0, 75, 5, 0, 2850, 4500, 2000, 4500, 3000], [0, 0, 1], [11, 9, 4, 12, 3, 0, 0, 0, 0, 0, 1570, 4380, 1520, 3520, 2960, 11, 9, 4, 12, 3, 0, 0, 0, 0, 0, 1570, 4380, 1520, 3520, 2960], 2900, 0]
    Chosen Random Action: [1, 3] at cycle 51
    Record is [[11, 9, 4, 12, 3, 0, 0, 0, 0, 0, 1570, 4380, 1520, 3520, 2960, 11, 9, 4, 12, 3, 0, 0, 0, 0, 0, 1570, 4380, 1520, 3520, 2960], [1, 3], [11, 9, 4, 12, 3, 40, 0, 0, 0, 0, 1570, 4380, 1520, 3520, 2960, 1, 9, 4, 10, 3, 0, 0, 0, 0, 0, 150, 4130, 1250, 2810, 2910], 2700, 0]
    Chosen Random Action: [1, 1, 4] at cycle 91
    Record is [[11, 9, 4, 12, 3, 29, 0, 0, 0, 0, 1570, 4380, 1520, 3520, 2960, 1, 9, 4, 10, 3, 0, 0, 0, 0, 0, 18, 4130, 1228, 2744, 2910], [1, 1, 4], [11, 9, 4, 12, 3, 0, 0, 0, 0, 0, 1570, 4380, 1520, 3520, 2960, 0, 8, 3, 8, 3, 0, 0, 0, 0, 0, 0, 3640, 960, 2360, 2780], 1290, 0]
    Chosen Random Action: [0, 0, 1] at cycle 166
    Record is [[11, 9, 4, 12, 3, 0, 0, 0, 0, 0, 1570, 4380, 1520, 3520, 2960, 0, 8, 3, 8, 3, 0, 0, 0, 0, 0, 0, 3640, 960, 2360, 2780], [0, 0, 1], [11, 9, 4, 12, 3, 0, 0, 0, 0, 0, 1570, 4380, 1520, 3520, 2960, 0, 4, 2, 5, 2, 0, 0, 0, 0, 0, 0, 1940, 460, 1460, 1480], 4400, 0]
    Chosen Random Action: [0, 1, 2] at cycle 218
    Record is [[11, 9, 4, 12, 3, 0, 0, 0, 0, 0, 1570, 4380, 1520, 3520, 2960, 0, 4, 2, 5, 2, 0, 0, 0, 0, 0, 0, 1940, 460, 1460, 1480], [0, 1, 2], [11, 9, 4, 12, 3, 7, 0, 0, 0, 0, 1570, 4380, 1520, 3520, 2960, 0, 4, 1, 2, 2, 0, 0, 0, 0, 0, 0, 1690, 124, 552, 1430], 1544, 0]
    Chosen Random Action: [1, 3] at cycle 267
    I WON!
Game Number 1
    Chosen Random Action: [3, 3, 4] at cycle 0
    Record is [[19, 9, 5, 15, 3, 50, 0, 75, 5, 0, 2850, 4500, 2000, 4500, 3000, 19, 9, 5, 15, 3, 50, 0, 75, 5, 0, 2850, 4500, 2000, 4500, 3000], [3, 3, 4], [11, 9, 4, 12, 3, 0, 0, 0, 0, 0, 1570, 4380, 1520, 3520, 2960, 11, 9, 4, 12, 3, 0, 0, 0, 0, 0, 1570, 4380, 1520, 3520, 2960], 2900, 0]
    Chosen Random Action: [0] at cycle 73
    Record is [[11, 9, 4, 12, 3, 0, 0, 0, 0, 0, 1570, 4380, 1520, 3520, 2960, 11, 9, 4, 12, 3, 0, 0, 0, 0, 0, 1570, 4380, 1520, 3520, 2960], [0], [11, 9, 4, 12, 3, 0, 0, 0, 0, 2, 1570, 4380, 1520, 3520, 2960, 9, 8, 3, 11, 3, 0, 0, 0, 0, 0, 1250, 3900, 1200, 3200, 2800], 1600, 0]
    Chosen Random Action: [0] at cycle 103
    Record is [[11, 9, 4, 12, 3, 0, 0, 0, 0, 2, 1570, 4380, 1520, 3520, 2960, 9, 8, 3, 11, 3, 0, 0, 0, 0, 0, 1250, 3900, 1200, 3200, 2800], [0], [11, 9, 4, 12, 3, 0, 0, 0, 0, 0, 1570, 4380, 1520, 3520, 2960, 0, 6, 2, 7, 2, 0, 0, 0, 0, 0, 0, 2700, 650, 1950, 1600], 5450, 0]
    Chosen Random Action: [2, 2] at cycle 133
    Record is [[11, 9, 4, 12, 3, 0, 0, 0, 0, 0, 1570, 4380, 1520, 3520, 2960, 0, 6, 2, 7, 2, 0, 0, 0, 0, 0, 0, 2700, 650, 1950, 1600], [2, 2], [11, 9, 4, 12, 3, 0, 0, 0, 0, 0, 1570, 4380, 1520, 3520, 2960, 0, 6, 2, 5, 2, 0, 0, 0, 0, 0, 0, 2700, 500, 1500, 1600], 600, 0]
    Chosen Random Action: [0, 1, 3] at cycle 174
    Record is [[11, 9, 4, 12, 3, 0, 0, 0, 0, 0, 1570, 4380, 1520, 3520, 2960, 0, 6, 2, 5, 2, 0, 0, 0, 0, 0, 0, 2700, 500, 1500, 1600], [0, 1, 3], [11, 9, 4, 12, 3, 0, 0, 144, 0, 0, 1570, 4380, 1520, 3520, 2960, 0, 6, 0, 1, 2, 0, 0, 0, 0, 0, 0, 2700, 0, 252, 1600], 1748, 0]
    Chosen Random Action: [0, 4] at cycle 221
    Record is [[11, 9, 4, 12, 3, 0, 0, 140, 0, 0, 1570, 4380, 1520, 3520, 2960, 0, 6, 0, 1, 2, 0, 0, 0, 0, 0, 0, 2700, 0, 220, 1600], [0, 4], [11, 9, 4, 12, 3, 0, 0, 0, 0, 0, 1570, 4380, 1520, 3520, 2960, 0, 5, 0, 0, 2, 0, 0, 0, 0, 0, 0, 2210, 0, 0, 1470], 840, 0]
    Chosen Random Action: [0, 3, 4] at cycle 287
    I WON!
